Arguments: 
  /usr/local/bin/node /opt/homebrew/Cellar/yarn/1.22.19/libexec/bin/yarn.js add axios cookie-parser ditenv express express-session morgan nunjucks

PATH: 
  /opt/homebrew/bin:/opt/homebrew/sbin:/Library/Frameworks/Python.framework/Versions/3.8/bin:/usr/local/bin:/System/Cryptexes/App/usr/bin:/usr/bin:/bin:/usr/sbin:/sbin:/Library/Apple/usr/bin:/Library/Frameworks/Mono.framework/Versions/Current/Commands:/usr/local/mysql-8.0.32-macos13-arm64/bin:/Users/jh/flutter/bin:/Users/jh/.pub-cache/bin:/usr/local/mysql/bin/:/usr/local/mysql/bin//bin/bash

Yarn version: 
  1.22.19

Node version: 
  18.15.0

Platform: 
  darwin arm64

Trace: 
  Error: https://registry.yarnpkg.com/ditenv: Not found
      at params.callback [as _callback] (/opt/homebrew/Cellar/yarn/1.22.19/libexec/lib/cli.js:66145:18)
      at self.callback (/opt/homebrew/Cellar/yarn/1.22.19/libexec/lib/cli.js:140890:22)
      at Request.emit (node:events:513:28)
      at Request.<anonymous> (/opt/homebrew/Cellar/yarn/1.22.19/libexec/lib/cli.js:141862:10)
      at Request.emit (node:events:513:28)
      at IncomingMessage.<anonymous> (/opt/homebrew/Cellar/yarn/1.22.19/libexec/lib/cli.js:141784:12)
      at Object.onceWrapper (node:events:627:28)
      at IncomingMessage.emit (node:events:525:35)
      at endReadableNT (node:internal/streams/readable:1359:12)
      at process.processTicksAndRejections (node:internal/process/task_queues:82:21)

npm manifest: 
  {
    "name": "node-sns-call",
    "version": "1.0.0",
    "main": "app.js",
    "license": "MIT",
    "scripts": {
      "start": "nodemon app"
    }
  }

yarn manifest: 
  No manifest

Lockfile: 
  No lockfile
